[Compiling kernel] lib_calculator::operation::gpu::kernels::sort::entry::bs1::Bs1
[Compiling kernel] lib_calculator::operation::gpu::kernels::sort::test::fill_random_kernel::FillRandomKernel
[Compiling kernel] lib_calculator::operation::gpu::kernels::sort::entry::bs1::Bs1
[Compiling kernel] lib_calculator::operation::gpu::kernels::sort::radix::rx1_hist::Rx1Hist
[Compiling kernel] lib_calculator::operation::gpu::kernels::sort::entry::bs1::Bs1
[Compiling kernel] lib_calculator::operation::gpu::kernels::sort::entry::bs1::Bs1
[Compiling kernel] lib_calculator::operation::gpu::kernels::sort::entry::bs1::Bs1
[Compiling kernel] lib_calculator::operation::gpu::kernels::sort::entry::bs1::Bs1
[Compiling kernel] lib_calculator::operation::gpu::kernels::sort::radix::rx2_prefix::Rx2Prefix
[Compiling kernel] lib_calculator::operation::gpu::kernels::sort::entry::bs1::Bs1
[Compiling kernel] lib_calculator::operation::gpu::kernels::sort::entry::ba1::Ba1
[Compiling kernel] lib_calculator::operation::gpu::kernels::sort::global::g2_xchunk::G2Xchunk
[Compiling kernel] lib_calculator::operation::gpu::kernels::sort::entry::bs1::Bs1
[Compiling kernel] lib_calculator::operation::gpu::kernels::sort::global::g2_xchunk::G2Xchunk
[Compiling kernel] lib_calculator::operation::gpu::kernels::sort::entry::cp::Cp
[Compiling kernel] lib_calculator::operation::gpu::kernels::sort::radix::rx3_scatter::Rx3Scatter
[Compiling kernel] lib_calculator::operation::gpu::kernels::sort::global::g2_xchunk::G2Xchunk
[Compiling kernel] lib_calculator::operation::gpu::kernels::sort::entry::bs1::Bs1
[Compiling kernel] lib_calculator::operation::gpu::kernels::sort::global::g2_xchunk::G2Xchunk
[Compiling kernel] lib_calculator::operation::gpu::kernels::sort::entry::bs1::Bs1
[Compiling kernel] lib_calculator::operation::gpu::kernels::sort::global::g6_cleanup::G6Cleanup
[Compiling kernel] lib_calculator::operation::gpu::kernels::sort::global::g2_xchunk::G2Xchunk
[Compiling kernel] lib_calculator::operation::gpu::kernels::sort::global::g6_cleanup::G6Cleanup
[Compiling kernel] lib_calculator::operation::gpu::kernels::sort::global::g2_xchunk::G2Xchunk
[Compiling kernel] lib_calculator::operation::gpu::kernels::sort::global::g6_cleanup::G6Cleanup
[Compiling kernel] lib_calculator::operation::gpu::kernels::sort::global::g2_xchunk::G2Xchunk
[Compiling kernel] lib_calculator::operation::gpu::kernels::sort::global::g6_cleanup::G6Cleanup
[Compiling kernel] lib_calculator::operation::gpu::kernels::sort::global::g6_cleanup::G6Cleanup
[Compiling kernel] lib_calculator::operation::gpu::kernels::sort::global::g2_xchunk::G2Xchunk
[Compiling kernel] lib_calculator::operation::gpu::kernels::sort::global::g6_cleanup::G6Cleanup
[Compiling kernel] lib_calculator::operation::gpu::kernels::sort::global::g6_cleanup::G6Cleanup
[Compiling kernel] lib_calculator::operation::gpu::kernels::sort::global::g6_cleanup::G6Cleanup
[Compiling kernel] lib_calculator::operation::gpu::kernels::sort::test::fill_random_kernel::FillRandomKernel
[Compiling kernel] lib_calculator::operation::gpu::kernels::sort::entry::bs1::Bs1
[Compiling kernel] lib_calculator::operation::gpu::kernels::sort::entry::ba1::Ba1
[Compiling kernel] lib_calculator::operation::gpu::kernels::sort::entry::bs1::Bs1
[Compiling kernel] lib_calculator::operation::gpu::kernels::sort::entry::bs1::Bs1
[Compiling kernel] lib_calculator::operation::gpu::kernels::sort::entry::bs1::Bs1
[Compiling kernel] lib_calculator::operation::gpu::kernels::sort::entry::bs1::Bs1
[Compiling kernel] lib_calculator::operation::gpu::kernels::sort::entry::bs1::Bs1
[Compiling kernel] lib_calculator::operation::gpu::kernels::sort::global::g2_xchunk::G2Xchunk
[Compiling kernel] lib_calculator::operation::gpu::kernels::sort::entry::bs1::Bs1
[Compiling kernel] lib_calculator::operation::gpu::kernels::sort::radix::rx1_hist::Rx1Hist
[Compiling kernel] lib_calculator::operation::gpu::kernels::sort::entry::bs1::Bs1
[Compiling kernel] lib_calculator::operation::gpu::kernels::sort::entry::bs1::Bs1
[Compiling kernel] lib_calculator::operation::gpu::kernels::sort::entry::cp::Cp
[Compiling kernel] lib_calculator::operation::gpu::kernels::sort::radix::rx2_prefix::Rx2Prefix
[Compiling kernel] lib_calculator::operation::gpu::kernels::sort::radix::rx3_scatter::Rx3Scatter
[Compiling kernel] lib_calculator::operation::gpu::kernels::sort::global::g2_xchunk::G2Xchunk
[Compiling kernel] lib_calculator::operation::gpu::kernels::sort::global::g2_xchunk::G2Xchunk
[Compiling kernel] lib_calculator::operation::gpu::kernels::sort::global::g2_xchunk::G2Xchunk
[Compiling kernel] lib_calculator::operation::gpu::kernels::sort::global::g2_xchunk::G2Xchunk
[Compiling kernel] lib_calculator::operation::gpu::kernels::sort::entry::bs1::Bs1
[Compiling kernel] lib_calculator::operation::gpu::kernels::sort::global::g6_cleanup::G6Cleanup
[Compiling kernel] lib_calculator::operation::gpu::kernels::sort::global::g2_xchunk::G2Xchunk
[Compiling kernel] lib_calculator::operation::gpu::kernels::sort::global::g2_xchunk::G2Xchunk
[Compiling kernel] lib_calculator::operation::gpu::kernels::sort::global::g6_cleanup::G6Cleanup
[Compiling kernel] lib_calculator::operation::gpu::kernels::sort::global::g6_cleanup::G6Cleanup
[Compiling kernel] lib_calculator::operation::gpu::kernels::sort::global::g6_cleanup::G6Cleanup
[Compiling kernel] lib_calculator::operation::gpu::kernels::sort::global::g6_cleanup::G6Cleanup
[Compiling kernel] lib_calculator::operation::gpu::kernels::sort::global::g2_xchunk::G2Xchunk
[Compiling kernel] lib_calculator::operation::gpu::kernels::sort::global::g6_cleanup::G6Cleanup
[Compiling kernel] lib_calculator::operation::gpu::kernels::sort::global::g6_cleanup::G6Cleanup
[Compiling kernel] lib_calculator::operation::gpu::kernels::sort::global::g6_cleanup::G6Cleanup
[Compiling kernel] lib_calculator::operation::gpu::kernels::sort::test::fill_random_kernel::FillRandomKernel
[Compiling kernel] lib_calculator::operation::gpu::kernels::sort::entry::bs1::Bs1
[Compiling kernel] lib_calculator::operation::gpu::kernels::sort::entry::bs1::Bs1
[Compiling kernel] lib_calculator::operation::gpu::kernels::sort::entry::bs1::Bs1
[Compiling kernel] lib_calculator::operation::gpu::kernels::sort::entry::bs1::Bs1
[Compiling kernel] lib_calculator::operation::gpu::kernels::sort::radix::rx1_hist::Rx1Hist
[Compiling kernel] lib_calculator::operation::gpu::kernels::sort::entry::bs1::Bs1
[Compiling kernel] lib_calculator::operation::gpu::kernels::sort::entry::bs1::Bs1
[Compiling kernel] lib_calculator::operation::gpu::kernels::sort::entry::bs1::Bs1
[Compiling kernel] lib_calculator::operation::gpu::kernels::sort::radix::rx2_prefix::Rx2Prefix
[Compiling kernel] lib_calculator::operation::gpu::kernels::sort::entry::bs1::Bs1
[Compiling kernel] lib_calculator::operation::gpu::kernels::sort::global::g2_xchunk::G2Xchunk
[Compiling kernel] lib_calculator::operation::gpu::kernels::sort::global::g2_xchunk::G2Xchunk
[Compiling kernel] lib_calculator::operation::gpu::kernels::sort::entry::bs1::Bs1
[Compiling kernel] lib_calculator::operation::gpu::kernels::sort::entry::ba1::Ba1
[Compiling kernel] lib_calculator::operation::gpu::kernels::sort::radix::rx3_scatter::Rx3Scatter
[Compiling kernel] lib_calculator::operation::gpu::kernels::sort::global::g2_xchunk::G2Xchunk
[Compiling kernel] lib_calculator::operation::gpu::kernels::sort::entry::cp::Cp
[Compiling kernel] lib_calculator::operation::gpu::kernels::sort::global::g2_xchunk::G2Xchunk
[Compiling kernel] lib_calculator::operation::gpu::kernels::sort::global::g2_xchunk::G2Xchunk
[Compiling kernel] lib_calculator::operation::gpu::kernels::sort::global::g2_xchunk::G2Xchunk
[Compiling kernel] lib_calculator::operation::gpu::kernels::sort::global::g6_cleanup::G6Cleanup
[Compiling kernel] lib_calculator::operation::gpu::kernels::sort::global::g2_xchunk::G2Xchunk
[Compiling kernel] lib_calculator::operation::gpu::kernels::sort::entry::bs1::Bs1
[Compiling kernel] lib_calculator::operation::gpu::kernels::sort::global::g6_cleanup::G6Cleanup
[Compiling kernel] lib_calculator::operation::gpu::kernels::sort::global::g6_cleanup::G6Cleanup
[Compiling kernel] lib_calculator::operation::gpu::kernels::sort::global::g6_cleanup::G6Cleanup
[Compiling kernel] lib_calculator::operation::gpu::kernels::sort::global::g6_cleanup::G6Cleanup
[Compiling kernel] lib_calculator::operation::gpu::kernels::sort::global::g6_cleanup::G6Cleanup
[Compiling kernel] lib_calculator::operation::gpu::kernels::sort::global::g6_cleanup::G6Cleanup
[Compiling kernel] lib_calculator::operation::gpu::kernels::sort::global::g2_xchunk::G2Xchunk
[Compiling kernel] lib_calculator::operation::gpu::kernels::sort::global::g6_cleanup::G6Cleanup
[Compiling kernel] lib_calculator::operation::gpu::kernels::sort::test::fill_random_kernel::FillRandomKernel
[Compiling kernel] lib_calculator::operation::gpu::kernels::sort::entry::ba1::Ba1
[Compiling kernel] lib_calculator::operation::gpu::kernels::sort::entry::bs1::Bs1
[Compiling kernel] lib_calculator::operation::gpu::kernels::sort::entry::bs1::Bs1
[Compiling kernel] lib_calculator::operation::gpu::kernels::sort::test::fill_random_kernel::FillRandomKernel
[Compiling kernel] lib_calculator::operation::gpu::kernels::sort::entry::ba1::Ba1
[Compiling kernel] lib_calculator::operation::gpu::kernels::sort::entry::bs1::Bs1
[Compiling kernel] lib_calculator::operation::gpu::kernels::sort::test::fill_random_kernel::FillRandomKernel
[Compiling kernel] lib_calculator::operation::gpu::kernels::sort::entry::bs1::Bs1
[Compiling kernel] lib_calculator::operation::gpu::kernels::sort::entry::bs1::Bs1
[Compiling kernel] lib_calculator::operation::gpu::kernels::sort::entry::ba1::Ba1
[Compiling kernel] lib_calculator::operation::gpu::kernels::sort::test::fill_random_kernel::FillRandomKernel
[Compiling kernel] lib_calculator::operation::gpu::kernels::sort::entry::bs1::Bs1
[Compiling kernel] lib_calculator::operation::gpu::kernels::sort::entry::bs1::Bs1
[Compiling kernel] lib_calculator::operation::gpu::kernels::sort::entry::ba1::Ba1
[Compiling kernel] lib_calculator::operation::gpu::kernels::sort::entry::bs1::Bs1
[Compiling kernel] lib_calculator::operation::gpu::kernels::sort::radix::rx1_hist::Rx1Hist
[Compiling kernel] lib_calculator::operation::gpu::kernels::sort::radix::rx2_prefix::Rx2Prefix
[Compiling kernel] lib_calculator::operation::gpu::kernels::sort::radix::rx3_scatter::Rx3Scatter
[Compiling kernel] lib_calculator::operation::gpu::kernels::sort::test::init_indices::InitIndices
[Compiling kernel] lib_calculator::operation::gpu::kernels::sort::radix::rx1_hist::Rx1Hist
[Compiling kernel] lib_calculator::operation::gpu::kernels::sort::radix::rx2_prefix::Rx2Prefix
[Compiling kernel] lib_calculator::operation::gpu::kernels::sort::radix::rx3a_scatter::Rx3aScatter
[Compiling kernel] lib_calculator::operation::gpu::kernels::sort::test::init_indices::InitIndices
[Compiling kernel] lib_calculator::operation::gpu::kernels::sort::radix::rx1_hist::Rx1Hist
[Compiling kernel] lib_calculator::operation::gpu::kernels::sort::radix::rx2_prefix::Rx2Prefix
[Compiling kernel] lib_calculator::operation::gpu::kernels::sort::radix::rx3a_scatter::Rx3aScatter
[Compiling kernel] lib_calculator::operation::gpu::kernels::sort::test::init_indices::InitIndices
[Compiling kernel] lib_calculator::operation::gpu::kernels::sort::radix::rx1_hist::Rx1Hist
[Compiling kernel] lib_calculator::operation::gpu::kernels::sort::radix::rx2_prefix::Rx2Prefix
[Compiling kernel] lib_calculator::operation::gpu::kernels::sort::radix::rx3a_scatter::Rx3aScatter
[Compiling kernel] lib_calculator::operation::gpu::kernels::sort::test::init_indices::InitIndices
[Compiling kernel] lib_calculator::operation::gpu::kernels::sort::radix::rx1_hist::Rx1Hist
[Compiling kernel] lib_calculator::operation::gpu::kernels::sort::radix::rx2_prefix::Rx2Prefix
[Compiling kernel] lib_calculator::operation::gpu::kernels::sort::radix::rx3a_scatter::Rx3aScatter
[Compiling kernel] lib_calculator::operation::gpu::kernels::sort::test::init_indices::InitIndices
[Compiling kernel] lib_calculator::operation::gpu::kernels::sort::radix::rx1_hist::Rx1Hist
[Compiling kernel] lib_calculator::operation::gpu::kernels::sort::radix::rx2_prefix::Rx2Prefix
[Compiling kernel] lib_calculator::operation::gpu::kernels::sort::radix::rx3a_scatter::Rx3aScatter
[Compiling kernel] lib_calculator::operation::gpu::kernels::sort::test::init_indices::InitIndices
[Compiling kernel] lib_calculator::operation::gpu::kernels::sort::radix::rx1_hist::Rx1Hist
[Compiling kernel] lib_calculator::operation::gpu::kernels::sort::radix::rx2_prefix::Rx2Prefix
[Compiling kernel] lib_calculator::operation::gpu::kernels::sort::radix::rx3a_scatter::Rx3aScatter
[Compiling kernel] lib_calculator::operation::gpu::kernels::sort::entry::bs1::Bs1
[Compiling kernel] lib_calculator::operation::gpu::kernels::sort::entry::ba1::Ba1
[Compiling kernel] lib_calculator::operation::gpu::kernels::sort::entry::bs1::Bs1
[Compiling kernel] lib_calculator::operation::gpu::kernels::sort::test::init_indices::InitIndices
[Compiling kernel] lib_calculator::operation::gpu::kernels::sort::radix::rx1_hist::Rx1Hist
[Compiling kernel] lib_calculator::operation::gpu::kernels::sort::radix::rx2_prefix::Rx2Prefix
[Compiling kernel] lib_calculator::operation::gpu::kernels::sort::radix::rx3_scatter::Rx3Scatter
[Compiling kernel] lib_calculator::operation::gpu::kernels::sort::radix::rx3a_scatter::Rx3aScatter
[Compiling kernel] lib_calculator::operation::gpu::kernels::sort::entry::bs1::Bs1
[Compiling kernel] lib_calculator::operation::gpu::kernels::sort::entry::ba1::Ba1
[Compiling kernel] lib_calculator::operation::gpu::kernels::sort::entry::bs1::Bs1
[Compiling kernel] lib_calculator::operation::gpu::kernels::sort::test::init_indices::InitIndices
[Compiling kernel] lib_calculator::operation::gpu::kernels::sort::radix::rx1_hist::Rx1Hist
[Compiling kernel] lib_calculator::operation::gpu::kernels::sort::radix::rx2_prefix::Rx2Prefix
[Compiling kernel] lib_calculator::operation::gpu::kernels::sort::radix::rx3a_scatter::Rx3aScatter
[Compiling kernel] lib_calculator::operation::gpu::kernels::sort::radix::rx3_scatter::Rx3Scatter
[Compiling kernel] lib_calculator::operation::gpu::kernels::sort::entry::bs1::Bs1
[Compiling kernel] lib_calculator::operation::gpu::kernels::sort::entry::bs1::Bs1
[Compiling kernel] lib_calculator::operation::gpu::kernels::sort::entry::ba1::Ba1
[Compiling kernel] lib_calculator::operation::gpu::kernels::sort::radix::rx1_hist::Rx1Hist
[Compiling kernel] lib_calculator::operation::gpu::kernels::sort::radix::rx2_prefix::Rx2Prefix
[Compiling kernel] lib_calculator::operation::gpu::kernels::sort::test::init_indices::InitIndices
[Compiling kernel] lib_calculator::operation::gpu::kernels::sort::radix::rx3_scatter::Rx3Scatter
[Compiling kernel] lib_calculator::operation::gpu::kernels::sort::radix::rx3a_scatter::Rx3aScatter
[Compiling kernel] lib_calculator::operation::gpu::kernels::sort::entry::bs1::Bs1
[Compiling kernel] lib_calculator::operation::gpu::kernels::sort::entry::bs1::Bs1
[Compiling kernel] lib_calculator::operation::gpu::kernels::sort::entry::ba1::Ba1
[Compiling kernel] lib_calculator::operation::gpu::kernels::sort::entry::bs1::Bs1
[Compiling kernel] lib_calculator::operation::gpu::kernels::sort::radix::rx1_hist::Rx1Hist
[Compiling kernel] lib_calculator::operation::gpu::kernels::sort::radix::rx2_prefix::Rx2Prefix
[Compiling kernel] lib_calculator::operation::gpu::kernels::sort::radix::rx3_scatter::Rx3Scatter
