| 249.877249ms | lib_calculator::operation::gpu::kernels::sort::entry::bs1::Bs1<f32, cubecl_cuda::runtime::CudaRuntime>: (
    CubeDim {
        x: 1024,
        y: 1,
        z: 1,
    },
    ComptimeCfg {
        line_size: 4,
        row_size: 1024,
        warp_size: 32,
        shmem_len: 1024,
        cycles_per_axis: 1,
    },
    1,
    TensorCompilationArg {
        inplace: None,
        line_size: 4,
    },
    TensorCompilationArg {
        inplace: None,
        line_size: 4,
    },
) CubeCount (1, 1, 1)
|⎺⎺⎺⎺⎺⎺⎺⎺⎺⎺⎺⎺⎺⎺⎺⎺⎺⎺⎺⎺⎺⎺⎺⎺⎺⎺⎺⎺⎺⎺⎺⎺⎺⎺⎺⎺⎺⎺⎺⎺⎺⎺⎺⎺⎺⎺⎺⎺⎺⎺⎺⎺⎺⎺⎺⎺⎺⎺⎺⎺⎺⎺⎺⎺⎺⎺⎺⎺⎺⎺⎺⎺⎺⎺⎺⎺⎺⎺⎺⎺⎺⎺⎺⎺⎺⎺⎺⎺⎺⎺⎺⎺⎺⎺⎺⎺⎺⎺⎺⎺⎺⎺⎺⎺⎺⎺⎺⎺⎺⎺⎺⎺⎺⎺⎺⎺⎺⎺⎺⎺⎺⎺⎺⎺⎺⎺⎺⎺⎺⎺⎺⎺⎺⎺⎺⎺⎺⎺⎺⎺⎺⎺⎺⎺⎺| 
| Name                                                                                                      | Duration     | Num Computed | Ratio |
|⎼⎼⎼⎼⎼⎼⎼⎼⎼⎼⎼⎼⎼⎼⎼⎼⎼⎼⎼⎼⎼⎼⎼⎼⎼⎼⎼⎼⎼⎼⎼⎼⎼⎼⎼⎼⎼⎼⎼⎼⎼⎼⎼⎼⎼⎼⎼⎼⎼⎼⎼⎼⎼⎼⎼⎼⎼⎼⎼⎼⎼⎼⎼⎼⎼⎼⎼⎼⎼⎼⎼⎼⎼⎼⎼⎼⎼⎼⎼⎼⎼⎼⎼⎼⎼⎼⎼⎼⎼⎼⎼⎼⎼⎼⎼⎼⎼⎼⎼⎼⎼⎼⎼⎼⎼⎼⎼⎼⎼⎼⎼⎼⎼⎼⎼⎼⎼⎼⎼⎼⎼⎼⎼⎼⎼⎼⎼⎼⎼⎼⎼⎼⎼⎼⎼⎼⎼⎼⎼⎼⎼⎼⎼⎼⎼| 
| lib_calculator::operation::gpu::kernels::sort::entry::bs1::Bs1<f32, cubecl_cuda::runtime::CudaRuntime>: ( | 249.877249ms | 1            | 100 % |
|⎼⎼⎼⎼⎼⎼⎼⎼⎼⎼⎼⎼⎼⎼⎼⎼⎼⎼⎼⎼⎼⎼⎼⎼⎼⎼⎼⎼⎼⎼⎼⎼⎼⎼⎼⎼⎼⎼⎼⎼⎼⎼⎼⎼⎼⎼⎼⎼⎼⎼⎼⎼⎼⎼⎼⎼⎼⎼⎼⎼⎼⎼⎼⎼⎼⎼⎼⎼⎼⎼⎼⎼⎼⎼⎼⎼⎼⎼⎼⎼⎼⎼⎼⎼⎼⎼⎼⎼⎼⎼⎼⎼⎼⎼⎼⎼⎼⎼⎼⎼⎼⎼⎼⎼⎼⎼⎼⎼⎼⎼⎼⎼⎼⎼⎼⎼⎼⎼⎼⎼⎼⎼⎼⎼⎼⎼⎼⎼⎼⎼⎼⎼⎼⎼⎼⎼⎼⎼⎼⎼⎼⎼⎼⎼⎼| 
| Total                                                                                                     | 249.877249ms | 1            | 100 % |
|⎯⎯⎯⎯⎯⎯⎯⎯⎯⎯⎯⎯⎯⎯⎯⎯⎯⎯⎯⎯⎯⎯⎯⎯⎯⎯⎯⎯⎯⎯⎯⎯⎯⎯⎯⎯⎯⎯⎯⎯⎯⎯⎯⎯⎯⎯⎯⎯⎯⎯⎯⎯⎯⎯⎯⎯⎯⎯⎯⎯⎯⎯⎯⎯⎯⎯⎯⎯⎯⎯⎯⎯⎯⎯⎯⎯⎯⎯⎯⎯⎯⎯⎯⎯⎯⎯⎯⎯⎯⎯⎯⎯⎯⎯⎯⎯⎯⎯⎯⎯⎯⎯⎯⎯⎯⎯⎯⎯⎯⎯⎯⎯⎯⎯⎯⎯⎯⎯⎯⎯⎯⎯⎯⎯⎯⎯⎯⎯⎯⎯⎯⎯⎯⎯⎯⎯⎯⎯⎯⎯⎯⎯⎯⎯⎯| 

| 19.385398ms | lib_calculator::operation::gpu::kernels::sort::test::fill_random_kernel::FillRandomKernel<cubecl_cuda::runtime::CudaRuntime>: (
    CubeDim {
        x: 1,
        y: 1,
        z: 1,
    },
    Scalar,
    Scalar,
    Scalar,
    Scalar,
    Scalar,
    TensorCompilationArg {
        inplace: None,
        line_size: 4,
    },
) CubeCount (65536, 1, 1)
| 110.932µs  | lib_calculator::operation::gpu::kernels::sort::test::fill_random_kernel::FillRandomKernel<cubecl_cuda::runtime::CudaRuntime>: (
    CubeDim {
        x: 1,
        y: 1,
        z: 1,
    },
    Scalar,
    Scalar,
    Scalar,
    Scalar,
    Scalar,
    TensorCompilationArg {
        inplace: None,
        line_size: 4,
    },
) CubeCount (65536, 1, 1)
| 50.903604ms | lib_calculator::operation::gpu::kernels::sort::entry::bs1::Bs1<f32, cubecl_cuda::runtime::CudaRuntime>: (
    CubeDim {
        x: 512,
        y: 1,
        z: 1,
    },
    ComptimeCfg {
        line_size: 4,
        row_size: 512,
        warp_size: 32,
        shmem_len: 512,
        cycles_per_axis: 1,
    },
    1,
    TensorCompilationArg {
        inplace: None,
        line_size: 4,
    },
    TensorCompilationArg {
        inplace: None,
        line_size: 4,
    },
) CubeCount (1, 1, 1)
| 189.573µs  | lib_calculator::operation::gpu::kernels::sort::test::fill_random_kernel::FillRandomKernel<cubecl_cuda::runtime::CudaRuntime>: (
    CubeDim {
        x: 1,
        y: 1,
        z: 1,
    },
    Scalar,
    Scalar,
    Scalar,
    Scalar,
    Scalar,
    TensorCompilationArg {
        inplace: None,
        line_size: 4,
    },
) CubeCount (262144, 1, 1)
| 17.667322ms | lib_calculator::operation::gpu::kernels::sort::radix::rx1_hist::Rx1Hist<cubecl_cuda::runtime::CudaRuntime>: (
    CubeDim {
        x: 256,
        y: 1,
        z: 1,
    },
    256,
    TensorCompilationArg {
        inplace: None,
        line_size: 1,
    },
    Scalar,
    Scalar,
    TensorCompilationArg {
        inplace: None,
        line_size: 1,
    },
) CubeCount (256, 1, 1)
| 57.486305ms | lib_calculator::operation::gpu::kernels::sort::entry::bs1::Bs1<f32, cubecl_cuda::runtime::CudaRuntime>: (
    CubeDim {
        x: 1024,
        y: 1,
        z: 1,
    },
    ComptimeCfg {
        line_size: 4,
        row_size: 2048,
        warp_size: 32,
        shmem_len: 1024,
        cycles_per_axis: 2,
    },
    1,
    TensorCompilationArg {
        inplace: None,
        line_size: 4,
    },
    TensorCompilationArg {
        inplace: None,
        line_size: 4,
    },
) CubeCount (2, 1, 1)
| 710.291µs  | lib_calculator::operation::gpu::kernels::sort::test::fill_random_kernel::FillRandomKernel<cubecl_cuda::runtime::CudaRuntime>: (
    CubeDim {
        x: 1,
        y: 1,
        z: 1,
    },
    Scalar,
    Scalar,
    Scalar,
    Scalar,
    Scalar,
    TensorCompilationArg {
        inplace: None,
        line_size: 4,
    },
) CubeCount (1048576, 1, 1)
| 103.782µs  | lib_calculator::operation::gpu::kernels::sort::entry::bs1::Bs1<f32, cubecl_cuda::runtime::CudaRuntime>: (
    CubeDim {
        x: 512,
        y: 1,
        z: 1,
    },
    ComptimeCfg {
        line_size: 4,
        row_size: 512,
        warp_size: 32,
        shmem_len: 512,
        cycles_per_axis: 1,
    },
    1,
    TensorCompilationArg {
        inplace: None,
        line_size: 4,
    },
    TensorCompilationArg {
        inplace: None,
        line_size: 4,
    },
) CubeCount (1, 1, 1)
| 53.646357ms | lib_calculator::operation::gpu::kernels::sort::entry::bs1::Bs1<f32, cubecl_cuda::runtime::CudaRuntime>: (
    CubeDim {
        x: 1024,
        y: 1,
        z: 1,
    },
    ComptimeCfg {
        line_size: 4,
        row_size: 65536,
        warp_size: 32,
        shmem_len: 1024,
        cycles_per_axis: 64,
    },
    1,
    TensorCompilationArg {
        inplace: None,
        line_size: 4,
    },
    TensorCompilationArg {
        inplace: None,
        line_size: 4,
    },
) CubeCount (64, 1, 1)
| 99.352µs   | lib_calculator::operation::gpu::kernels::sort::test::fill_random_kernel::FillRandomKernel<cubecl_cuda::runtime::CudaRuntime>: (
    CubeDim {
        x: 1,
        y: 1,
        z: 1,
    },
    Scalar,
    Scalar,
    Scalar,
    Scalar,
    Scalar,
    TensorCompilationArg {
        inplace: None,
        line_size: 4,
    },
) 
